 PATH  FOUND 
SVG scale factor = 1.000000
SVG offset = 0.000000,0.000000
POLYGON  0)
ERROR

	raw = 360.14,0.00	coord = 360.14,0.00
ERROR

	raw = 3.80,0.00	coord = 363.95,0.00
	raw = 5.26,0.00	coord = 369.21,0.00
	raw = 2.83,0.00	coord = 372.04,0.00
	raw = 1.68,0.00	coord = 373.72,0.00
ERROR

	raw = 1.84,0.00	coord = 375.56,0.00
	raw = 4.66,0.00	coord = 380.22,0.00
	raw = 2.82,0.00	coord = 383.04,0.00
	raw = 6.05,0.00	coord = 389.09,0.00
	raw = 1.68,0.00	coord = 390.77,0.00
	raw = 8.19,0.00	coord = 398.95,0.00
	raw = 66.34,0.00	coord = 465.29,0.00
	raw = 1.44,0.00	coord = 466.73,0.00
	raw = 3.36,0.00	coord = 470.09,0.00
	raw = 2.16,0.00	coord = 472.25,0.00
	raw = 5.26,0.00	coord = 477.51,0.00
	raw = 2.16,0.00	coord = 479.66,0.00
	raw = 48.32,0.00	coord = 527.98,0.00
ERROR

End polygon at 360.14,0.00

 PATH  FOUND 
SVG scale factor = 1.000000
SVG offset = 0.000000,0.000000
POLYGON  1)
ERROR

	raw = 145.48,0.00	coord = 505.63,0.00
ERROR

ERROR

ERROR

ERROR

	raw = 14.18,0.00	coord = 519.80,0.00
	raw = 32.97,0.00	coord = 552.77,0.00
	raw = 51.88,0.00	coord = 604.66,0.00
ERROR

	raw = 8.29,0.00	coord = 612.94,0.00
	raw = 20.15,0.00	coord = 633.09,0.00
	raw = 40.46,0.00	coord = 673.55,0.00
ERROR

	raw = 6.72,0.00	coord = 680.27,0.00
	raw = 14.98,0.00	coord = 695.25,0.00
	raw = 7.48,0.00	coord = 702.73,0.00
	raw = 6.08,0.00	coord = 708.81,0.00
	raw = 13.56,0.00	coord = 722.37,0.00
	raw = 13.56,0.00	coord = 735.93,0.00
	raw = 13.56,0.00	coord = 749.49,0.00
	raw = 57.73,0.00	coord = 807.22,0.00
ERROR

	raw = 3.36,0.00	coord = 810.58,0.00
	raw = 7.50,0.00	coord = 818.08,0.00
ERROR

	raw = 4.14,0.00	coord = 822.23,0.00
	raw = 3.36,0.00	coord = 825.58,0.00
	raw = 7.50,0.00	coord = 833.08,0.00
	raw = 7.50,0.00	coord = 840.58,0.00
	raw = 7.50,0.00	coord = 848.08,0.00
	raw = 111.40,0.00	coord = 959.48,0.00
	raw = 1.41,0.00	coord = 960.89,0.00
	raw = 3.34,0.00	coord = 964.23,0.00
	raw = 5.35,0.00	coord = 969.58,0.00
	raw = 4.14,0.00	coord = 973.72,0.00
	raw = 3.36,0.00	coord = 977.07,0.00
	raw = 7.50,0.00	coord = 984.57,0.00
	raw = 7.50,0.00	coord = 992.07,0.00
	raw = 7.50,0.00	coord = 999.57,0.00
ERROR

	raw = 10.32,0.00	coord = 1009.89,0.00
	raw = 3.49,0.00	coord = 1013.39,0.00
	raw = 12.05,0.00	coord = 1025.44,0.00
	raw = 8.69,0.00	coord = 1034.13,0.00
	raw = 6.62,0.00	coord = 1040.75,0.00
	raw = 6.58,0.00	coord = 1047.32,0.00
	raw = 12.05,0.00	coord = 1059.38,0.00
ERROR

	raw = 7.50,0.00	coord = 1066.88,0.00
	raw = 7.50,0.00	coord = 1074.38,0.00
ERROR

	raw = 7.50,0.00	coord = 1081.88,0.00
	raw = 7.50,0.00	coord = 1089.38,0.00
ERROR

	raw = 3.30,0.00	coord = 1092.68,0.00
	raw = 8.42,0.00	coord = 1101.11,0.00
	raw = 5.11,0.00	coord = 1106.22,0.00
	raw = 10.93,0.00	coord = 1117.14,0.00
	raw = 3.04,0.00	coord = 1120.18,0.00
	raw = 14.80,0.00	coord = 1134.99,0.00
	raw = 111.66,0.00	coord = 1246.65,0.00
ERROR

	raw = 7.61,0.00	coord = 1254.27,0.00
	raw = 18.94,0.00	coord = 1273.21,0.00
	raw = 16.49,0.00	coord = 1289.70,0.00
	raw = 2.29,0.00	coord = 1291.98,0.00
	raw = 4.80,0.00	coord = 1296.79,0.00
	raw = 1.03,0.00	coord = 1297.82,0.00
	raw = 6.76,0.00	coord = 1304.57,0.00
	raw = 1.41,0.00	coord = 1305.98,0.00
	raw = 1.95,0.00	coord = 1307.94,0.00
	raw = 3.68,0.00	coord = 1311.61,0.00
	raw = 3.11,0.00	coord = 1314.73,0.00
	raw = 6.09,0.00	coord = 1320.81,0.00
	raw = 3.11,0.00	coord = 1323.93,0.00
ERROR

	raw = 26.24,0.00	coord = 1350.17,0.00
	raw = 27.58,0.00	coord = 1377.75,0.00
	raw = 2.64,0.00	coord = 1380.38,0.00
	raw = 6.76,0.00	coord = 1387.14,0.00
	raw = 102.08,0.00	coord = 1489.23,0.00
	raw = 6.56,0.00	coord = 1495.79,0.00
	raw = 11.51,0.00	coord = 1507.30,0.00
	raw = 11.51,0.00	coord = 1518.80,0.00
	raw = 5.13,0.00	coord = 1523.94,0.00
	raw = 3.04,0.00	coord = 1526.97,0.00
ERROR

	raw = 7.50,0.00	coord = 1534.47,0.00
	raw = 7.50,0.00	coord = 1541.97,0.00
ERROR

	raw = 12.59,0.00	coord = 1554.57,0.00
	raw = 14.41,0.00	coord = 1568.98,0.00
	raw = 6.57,0.00	coord = 1575.54,0.00
	raw = 12.22,0.00	coord = 1587.77,0.00
ERROR

	raw = 10.68,0.00	coord = 1598.45,0.00
	raw = 3.80,0.00	coord = 1602.25,0.00
	raw = 12.22,0.00	coord = 1614.47,0.00
	raw = 9.24,0.00	coord = 1623.71,0.00
	raw = 40.48,0.00	coord = 1664.18,0.00
	raw = 6.40,0.00	coord = 1670.58,0.00
	raw = 7.71,0.00	coord = 1678.30,0.00
	raw = 10.87,0.00	coord = 1689.17,0.00
	raw = 14.34,0.00	coord = 1703.51,0.00
	raw = 10.87,0.00	coord = 1714.38,0.00
ERROR

	raw = 3.36,0.00	coord = 1717.73,0.00
	raw = 7.50,0.00	coord = 1725.23,0.00
ERROR

	raw = 4.14,0.00	coord = 1729.38,0.00
	raw = 3.36,0.00	coord = 1732.73,0.00
	raw = 7.50,0.00	coord = 1740.23,0.00
	raw = 7.50,0.00	coord = 1747.73,0.00
	raw = 7.50,0.00	coord = 1755.23,0.00
	raw = 157.33,0.00	coord = 1912.57,0.00
	raw = 3.96,0.00	coord = 1916.53,0.00
	raw = 2.54,0.00	coord = 1919.06,0.00
	raw = 7.62,0.00	coord = 1926.68,0.00
	raw = 6.48,0.00	coord = 1933.16,0.00
	raw = 8.14,0.00	coord = 1941.30,0.00
	raw = 4.16,0.00	coord = 1945.46,0.00
	raw = 8.06,0.00	coord = 1953.52,0.00
	raw = 8.45,0.00	coord = 1961.97,0.00
ERROR

	raw = 13.56,0.00	coord = 1975.54,0.00
	raw = 13.56,0.00	coord = 1989.10,0.00
	raw = 11.19,0.00	coord = 2000.29,0.00
	raw = 22.62,0.00	coord = 2022.91,0.00
ERROR

	raw = 21.16,0.00	coord = 2044.06,0.00
	raw = 8.55,0.00	coord = 2052.61,0.00
	raw = 22.62,0.00	coord = 2075.23,0.00
	raw = 19.89,0.00	coord = 2095.12,0.00
	raw = 49.96,0.00	coord = 2145.09,0.00
ERROR

End polygon at 145.48,0.00


Object origin:
999.802735 0.000000

Eagle Command:
set wire_bend 2;
change layer tNames;
set width 0.000500;
poly (R -0.785139 0.000000) (R -0.781338 0.000000) (R -0.776076 0.000000) (R -0.773244 0.000000) (R -0.771564 0.000000) (R -0.769725 0.000000) (R -0.765064 0.000000) (R -0.762248 0.000000) (R -0.756197 0.000000) (R -0.754518 0.000000) (R -0.746330 0.000000) (R -0.679994 0.000000) (R -0.678557 0.000000) (R -0.675193 0.000000) (R -0.673037 0.000000) (R -0.667775 0.000000) (R -0.665619 0.000000) (R -0.617303 0.000000) (R -0.785139 0.000000) (R -0.639658 0.000000) (R -0.625482 0.000000) (R -0.592510 0.000000) (R -0.540627 0.000000) (R -0.532342 0.000000) (R -0.512193 0.000000) (R -0.471732 0.000000) (R -0.465014 0.000000) (R -0.450037 0.000000) (R -0.442557 0.000000) (R -0.436475 0.000000) (R -0.422912 0.000000) (R -0.409354 0.000000) (R -0.395791 0.000000) (R -0.338061 0.000000) (R -0.334701 0.000000) (R -0.327201 0.000000) (R -0.323057 0.000000) (R -0.319701 0.000000) (R -0.312201 0.000000) (R -0.304701 0.000000) (R -0.297201 0.000000) (R -0.185799 0.000000) (R -0.184389 0.000000) (R -0.181053 0.000000) (R -0.175705 0.000000) (R -0.171564 0.000000) (R -0.168209 0.000000) (R -0.160709 0.000000) (R -0.153209 0.000000) (R -0.145709 0.000000) (R -0.135389 0.000000) (R -0.131896 0.000000) (R -0.119842 0.000000) (R -0.111154 0.000000) (R -0.104537 0.000000) (R -0.097959 0.000000) (R -0.085904 0.000000) (R -0.078404 0.000000) (R -0.070904 0.000000) (R -0.063404 0.000000) (R -0.055904 0.000000) (R -0.052600 0.000000) (R -0.044178 0.000000) (R -0.039064 0.000000) (R -0.028139 0.000000) (R -0.025100 0.000000) (R -0.010295 0.000000) (R 0.101369 0.000000) (R 0.108982 0.000000) (R 0.127924 0.000000) (R 0.144416 0.000000) (R 0.146701 0.000000) (R 0.151502 0.000000) (R 0.152533 0.000000) (R 0.159291 0.000000) (R 0.160701 0.000000) (R 0.162654 0.000000) (R 0.166330 0.000000) (R 0.169443 0.000000) (R 0.175529 0.000000) (R 0.178643 0.000000) (R 0.204885 0.000000) (R 0.232463 0.000000) (R 0.235100 0.000000) (R 0.241861 0.000000) (R 0.343943 0.000000) (R 0.350506 0.000000) (R 0.362014 0.000000) (R 0.373521 0.000000) (R 0.378654 0.000000) (R 0.381689 0.000000) (R 0.389189 0.000000) (R 0.396689 0.000000) (R 0.409283 0.000000) (R 0.423693 0.000000) (R 0.430260 0.000000) (R 0.442482 0.000000) (R 0.453166 0.000000) (R 0.456963 0.000000) (R 0.469186 0.000000) (R 0.478424 0.000000) (R 0.518900 0.000000) (R 0.525299 0.000000) (R 0.533014 0.000000) (R 0.543885 0.000000) (R 0.558225 0.000000) (R 0.569096 0.000000) (R 0.572451 0.000000) (R 0.579951 0.000000) (R 0.584092 0.000000) (R 0.587451 0.000000) (R 0.594951 0.000000) (R 0.602451 0.000000) (R 0.609951 0.000000) (R 0.767283 0.000000) (R 0.771244 0.000000) (R 0.773779 0.000000) (R 0.781400 0.000000) (R 0.787881 0.000000) (R 0.796021 0.000000) (R 0.800182 0.000000) (R 0.808240 0.000000) (R 0.816689 0.000000) (R 0.830252 0.000000) (R 0.843814 0.000000) (R 0.855002 0.000000) (R 0.877623 0.000000) (R 0.898779 0.000000) (R 0.907330 0.000000) (R 0.929947 0.000000) (R 0.949838 0.000000) (R 0.999803 0.000000) (R -0.999803 0.000000);

